[16:43:50] [main/INFO]: Setting user: Player387
[16:43:55] [Client thread/INFO]: LWJGL Version: 2.9.0
[16:43:55] [Client thread/ERROR]: Couldn't set icon
javax.imageio.IIOException: Can't read input file!
	at javax.imageio.ImageIO.read(Unknown Source) ~[?:1.7.0_65]
	at net.minecraft.client.Minecraft.readImage(Minecraft.java:641) ~[Minecraft.class:?]
	at net.minecraft.client.Minecraft.startGame(Minecraft.java:470) [Minecraft.class:?]
	at net.minecraft.client.Minecraft.run(Minecraft.java:892) [Minecraft.class:?]
	at net.minecraft.client.main.Main.main(Main.java:112) [Main.class:?]
	at sun.reflect.NativeMethodAccessorImpl.invoke0(Native Method) ~[?:1.7.0_65]
	at sun.reflect.NativeMethodAccessorImpl.invoke(Unknown Source) ~[?:1.7.0_65]
	at sun.reflect.DelegatingMethodAccessorImpl.invoke(Unknown Source) ~[?:1.7.0_65]
	at java.lang.reflect.Method.invoke(Unknown Source) ~[?:1.7.0_65]
	at net.minecraft.launchwrapper.Launch.launch(Launch.java:134) [launchwrapper-1.9.jar:?]
	at net.minecraft.launchwrapper.Launch.main(Launch.java:28) [launchwrapper-1.9.jar:?]
[16:44:08] [Client thread/INFO]: Reloading ResourceManager: Default, FMLFileResourcePack:Forge Mod Loader, FMLFileResourcePack:Minecraft Forge, FMLFileResourcePack:Enchanting Infusion
[16:44:10] [Sound Library Loader/INFO]: Sound engine started
[16:44:11] [Client thread/INFO]: Created: 512x256 textures/blocks-atlas
[16:44:11] [Client thread/INFO]: Created: 256x256 textures/items-atlas
[16:44:13] [Client thread/INFO]: Reloading ResourceManager: Default, FMLFileResourcePack:Forge Mod Loader, FMLFileResourcePack:Minecraft Forge, FMLFileResourcePack:Enchanting Infusion
[16:44:13] [Client thread/INFO]: Created: 256x256 textures/items-atlas
[16:44:13] [Client thread/INFO]: Created: 512x256 textures/blocks-atlas
[16:44:14] [Client thread/ERROR]: ########## GL ERROR ##########
[16:44:14] [Client thread/ERROR]: @ Post startup
[16:44:14] [Client thread/ERROR]: 1281: Invalid value
[16:44:14] [Sound Library Loader/INFO]: Sound engine started
[16:44:17] [MCO Availability Checker #1/ERROR]: Couldn't connect to Realms
[16:44:20] [Client thread/WARN]: Unable to play unknown soundEvent: minecraft:music.menu
[16:44:32] [Client thread/WARN]: Unable to play unknown soundEvent: minecraft:gui.button.press
[16:44:32] [Client thread/WARN]: Unable to play unknown soundEvent: minecraft:gui.button.press
[16:44:37] [Client thread/WARN]: Unable to play unknown soundEvent: minecraft:gui.button.press
[16:44:37] [Client thread/WARN]: Unable to play unknown soundEvent: minecraft:gui.button.press
[16:44:38] [Client thread/WARN]: Unable to play unknown soundEvent: minecraft:gui.button.press
[16:44:40] [Client thread/WARN]: Unable to play unknown soundEvent: minecraft:gui.button.press
[16:44:40] [Client thread/WARN]: Unable to play unknown soundEvent: minecraft:gui.button.press
[16:44:41] [Server thread/INFO]: Starting integrated minecraft server version 1.7.2
[16:44:41] [Server thread/INFO]: Generating keypair
[16:44:41] [Server thread/INFO]: Converting map!
[16:44:41] [Server thread/INFO]: Scanning folders...
[16:44:41] [Server thread/INFO]: Total conversion count is 0
[16:44:43] [Server thread/INFO]: Preparing start region for level 0
[16:44:44] [Server thread/INFO]: Preparing spawn area: 3%
[16:44:45] [Server thread/INFO]: Preparing spawn area: 5%
[16:44:46] [Server thread/INFO]: Preparing spawn area: 9%
[16:44:47] [Server thread/INFO]: Preparing spawn area: 13%
[16:44:49] [Server thread/INFO]: Preparing spawn area: 19%
[16:44:50] [Server thread/INFO]: Preparing spawn area: 27%
[16:44:51] [Server thread/INFO]: Preparing spawn area: 35%
[16:44:52] [Server thread/INFO]: Preparing spawn area: 42%
[16:44:53] [Server thread/INFO]: Preparing spawn area: 50%
[16:44:54] [Server thread/INFO]: Preparing spawn area: 58%
[16:44:55] [Server thread/INFO]: Preparing spawn area: 65%
[16:44:56] [Server thread/INFO]: Preparing spawn area: 72%
[16:44:57] [Server thread/INFO]: Preparing spawn area: 79%
[16:44:58] [Server thread/INFO]: Preparing spawn area: 87%
[16:44:59] [Server thread/INFO]: Preparing spawn area: 95%
[16:45:00] [Server thread/INFO]: Player387[local:E:3ae81192] logged in with entity id 163 at (-139.5, 66.0, 229.5)
[16:45:00] [Server thread/INFO]: Player387 joined the game
[16:45:02] [Client thread/WARN]: Unable to play unknown soundEvent: minecraft:mob.bat.takeoff
[16:45:02] [Client thread/WARN]: Unable to play unknown soundEvent: minecraft:mob.bat.takeoff
[16:45:02] [Client thread/WARN]: Unable to play unknown soundEvent: minecraft:mob.bat.takeoff
[16:45:02] [Client thread/WARN]: Unable to play unknown soundEvent: minecraft:mob.bat.takeoff
[16:45:02] [Client thread/WARN]: Unable to play unknown soundEvent: minecraft:mob.bat.takeoff
[16:45:02] [Client thread/WARN]: Unable to play unknown soundEvent: minecraft:mob.bat.takeoff
[16:45:02] [Client thread/WARN]: Unable to play unknown soundEvent: minecraft:mob.bat.takeoff
[16:45:02] [Client thread/WARN]: Unable to play unknown soundEvent: minecraft:mob.bat.takeoff
[16:45:05] [Server thread/INFO]: Player387 has just earned the achievement [Taking Inventory]
[16:45:06] [Client thread/INFO]: [CHAT] Player387 has just earned the achievement [Taking Inventory]
[16:45:06] [Client thread/WARN]: Unable to play unknown soundEvent: minecraft:mob.sheep.step
[16:45:06] [Client thread/WARN]: Unable to play unknown soundEvent: minecraft:mob.sheep.step
[16:45:09] [Client thread/WARN]: Unable to play unknown soundEvent: minecraft:dig.grass
[16:45:09] [Client thread/WARN]: Unable to play unknown soundEvent: minecraft:mob.sheep.say
[16:45:10] [Client thread/INFO]: Warning: Clientside chunk ticking took 154 ms
[16:45:10] [Client thread/INFO]: Warning: Clientside chunk ticking took 233 ms
[16:45:11] [Client thread/INFO]: Warning: Clientside chunk ticking took 233 ms
[16:45:11] [Client thread/INFO]: Warning: Clientside chunk ticking took 221 ms
[16:45:12] [Client thread/WARN]: Unable to play unknown soundEvent: minecraft:music.game.creative
[16:45:16] [Client thread/WARN]: Unable to play unknown soundEvent: minecraft:dig.grass
[16:45:19] [Client thread/WARN]: Unable to play unknown soundEvent: minecraft:mob.sheep.say
[16:45:21] [Client thread/WARN]: Unable to play unknown soundEvent: minecraft:step.grass
[16:45:31] [Client thread/WARN]: Unable to play unknown soundEvent: minecraft:mob.bat.takeoff
[16:45:39] [Client thread/WARN]: Unable to play unknown soundEvent: minecraft:mob.bat.takeoff
[16:45:40] [Client thread/WARN]: Unable to play unknown soundEvent: minecraft:mob.bat.takeoff
[16:45:44] [Client thread/WARN]: Unable to play unknown soundEvent: minecraft:mob.bat.takeoff
[16:46:30] [Client thread/WARN]: Unable to play unknown soundEvent: minecraft:dig.grass
[16:46:30] [Client thread/WARN]: Unable to play unknown soundEvent: minecraft:step.grass
[16:46:31] [Client thread/WARN]: Unable to play unknown soundEvent: minecraft:step.grass
[16:46:31] [Client thread/WARN]: Unable to play unknown soundEvent: minecraft:step.gravel
[16:46:32] [Client thread/WARN]: Unable to play unknown soundEvent: minecraft:dig.grass
[16:46:32] [Client thread/WARN]: Unable to play unknown soundEvent: minecraft:step.gravel
[16:46:32] [Client thread/WARN]: Unable to play unknown soundEvent: minecraft:dig.grass
[16:46:32] [Client thread/WARN]: Unable to play unknown soundEvent: minecraft:mob.sheep.say
[16:46:35] [Client thread/WARN]: Unable to play unknown soundEvent: minecraft:dig.grass
[16:46:35] [Client thread/WARN]: Unable to play unknown soundEvent: minecraft:dig.grass
[16:46:35] [Client thread/WARN]: Unable to play unknown soundEvent: minecraft:dig.grass
[16:46:38] [Client thread/WARN]: Unable to play unknown soundEvent: minecraft:mob.bat.takeoff
[16:46:38] [Client thread/WARN]: Unable to play unknown soundEvent: minecraft:mob.bat.takeoff
[16:46:40] [Client thread/WARN]: Unable to play unknown soundEvent: minecraft:dig.grass
[16:46:43] [Client thread/WARN]: Unable to play unknown soundEvent: minecraft:mob.bat.takeoff
[16:46:47] [Client thread/WARN]: Unable to play unknown soundEvent: minecraft:mob.sheep.step
[16:46:47] [Client thread/WARN]: Unable to play unknown soundEvent: minecraft:mob.sheep.step
[16:46:48] [Client thread/WARN]: Unable to play unknown soundEvent: minecraft:mob.sheep.step
[16:46:53] [Client thread/WARN]: Unable to play unknown soundEvent: minecraft:mob.bat.takeoff
[16:46:54] [Client thread/WARN]: Unable to play unknown soundEvent: minecraft:dig.grass
[16:46:58] [Client thread/WARN]: Unable to play unknown soundEvent: minecraft:mob.sheep.say
[16:46:59] [Client thread/WARN]: Unable to play unknown soundEvent: minecraft:dig.grass
[16:47:00] [Client thread/WARN]: Unable to play unknown soundEvent: minecraft:mob.bat.takeoff
[16:47:00] [Client thread/WARN]: Unable to play unknown soundEvent: minecraft:mob.bat.takeoff
[16:47:00] [Client thread/WARN]: Unable to play unknown soundEvent: minecraft:mob.bat.takeoff
[16:47:22] [Client thread/WARN]: Unable to play unknown soundEvent: minecraft:game.player.swim.splash
[16:47:31] [Client thread/WARN]: Unable to play unknown soundEvent: minecraft:random.bow
[16:47:32] [Client thread/WARN]: Unable to play unknown soundEvent: minecraft:game.neutral.swim.splash
[16:47:32] [Client thread/WARN]: Unable to play unknown soundEvent: minecraft:game.neutral.swim.splash
[16:47:32] [Client thread/WARN]: Unable to play unknown soundEvent: minecraft:game.potion.smash
[16:47:36] [Client thread/WARN]: Unable to play unknown soundEvent: minecraft:game.player.swim
[16:47:36] [Client thread/WARN]: Unable to play unknown soundEvent: minecraft:step.gravel
[16:47:37] [Client thread/WARN]: Unable to play unknown soundEvent: minecraft:mob.bat.takeoff
[16:47:37] [Client thread/WARN]: Unable to play unknown soundEvent: minecraft:mob.bat.takeoff
[16:47:37] [Client thread/WARN]: Unable to play unknown soundEvent: minecraft:mob.bat.takeoff
[16:47:38] [Client thread/WARN]: Unable to play unknown soundEvent: minecraft:dig.gravel
[16:47:38] [Client thread/WARN]: Unable to play unknown soundEvent: minecraft:dig.stone
[16:47:39] [Client thread/WARN]: Unable to play unknown soundEvent: minecraft:dig.stone
[16:47:39] [Client thread/WARN]: Unable to play unknown soundEvent: minecraft:dig.stone
[16:47:41] [Client thread/WARN]: Unable to play unknown soundEvent: minecraft:dig.stone
[16:47:42] [Client thread/WARN]: Unable to play unknown soundEvent: minecraft:dig.stone
[16:47:42] [Client thread/WARN]: Unable to play unknown soundEvent: minecraft:dig.stone
[16:47:43] [Client thread/WARN]: Unable to play unknown soundEvent: minecraft:dig.stone
[16:47:43] [Client thread/WARN]: Unable to play unknown soundEvent: minecraft:dig.stone
[16:47:43] [Client thread/WARN]: Unable to play unknown soundEvent: minecraft:dig.stone
[16:47:44] [Client thread/WARN]: Unable to play unknown soundEvent: minecraft:dig.stone
[16:47:44] [Client thread/WARN]: Unable to play unknown soundEvent: minecraft:dig.stone
[16:47:44] [Client thread/WARN]: Unable to play unknown soundEvent: minecraft:dig.stone
[16:47:45] [Client thread/WARN]: Unable to play unknown soundEvent: minecraft:dig.stone
[16:47:45] [Client thread/WARN]: Unable to play unknown soundEvent: minecraft:dig.stone
[16:47:45] [Client thread/WARN]: Unable to play unknown soundEvent: minecraft:dig.stone
[16:47:46] [Client thread/WARN]: Unable to play unknown soundEvent: minecraft:dig.stone
[16:47:46] [Client thread/WARN]: Unable to play unknown soundEvent: minecraft:dig.stone
[16:47:46] [Client thread/WARN]: Unable to play unknown soundEvent: minecraft:dig.stone
[16:47:46] [Client thread/WARN]: Unable to play unknown soundEvent: minecraft:dig.stone
[16:47:47] [Client thread/WARN]: Unable to play unknown soundEvent: minecraft:music.game.creative
[16:47:47] [Client thread/WARN]: Unable to play unknown soundEvent: minecraft:dig.gravel
[16:47:47] [Client thread/WARN]: Unable to play unknown soundEvent: minecraft:dig.gravel
[16:47:48] [Client thread/WARN]: Unable to play unknown soundEvent: minecraft:dig.gravel
[16:47:48] [Client thread/WARN]: Unable to play unknown soundEvent: minecraft:dig.gravel
[16:47:49] [Client thread/WARN]: Unable to play unknown soundEvent: minecraft:dig.stone
[16:47:49] [Client thread/WARN]: Unable to play unknown soundEvent: minecraft:dig.stone
[16:47:50] [Client thread/WARN]: Unable to play unknown soundEvent: minecraft:dig.stone
[16:47:51] [Client thread/WARN]: Unable to play unknown soundEvent: minecraft:dig.stone
[16:47:51] [Client thread/WARN]: Unable to play unknown soundEvent: minecraft:dig.stone
[16:47:52] [Client thread/WARN]: Unable to play unknown soundEvent: minecraft:dig.stone
[16:47:53] [Client thread/WARN]: Unable to play unknown soundEvent: minecraft:dig.stone
[16:47:54] [Client thread/WARN]: Unable to play unknown soundEvent: minecraft:dig.stone
[16:47:56] [Client thread/WARN]: Unable to play unknown soundEvent: minecraft:dig.stone
[16:47:58] [Client thread/WARN]: Unable to play unknown soundEvent: minecraft:dig.stone
[16:47:58] [Client thread/WARN]: Unable to play unknown soundEvent: minecraft:dig.stone
[16:47:58] [Client thread/WARN]: Unable to play unknown soundEvent: minecraft:dig.stone
[16:48:01] [Client thread/WARN]: Unable to play unknown soundEvent: minecraft:dig.stone
[16:48:04] [Client thread/WARN]: Unable to play unknown soundEvent: minecraft:random.bow
[16:48:04] [Client thread/WARN]: Unable to play unknown soundEvent: minecraft:game.potion.smash
[16:48:05] [Client thread/WARN]: Unable to play unknown soundEvent: minecraft:random.bow
[16:48:05] [Client thread/WARN]: Unable to play unknown soundEvent: minecraft:random.bow
[16:48:05] [Client thread/WARN]: Unable to play unknown soundEvent: minecraft:game.potion.smash
[16:48:05] [Client thread/WARN]: Unable to play unknown soundEvent: minecraft:game.potion.smash
[16:48:05] [Client thread/WARN]: Unable to play unknown soundEvent: minecraft:random.bow
[16:48:06] [Client thread/WARN]: Unable to play unknown soundEvent: minecraft:game.potion.smash
[16:48:08] [Client thread/WARN]: Unable to play unknown soundEvent: minecraft:dig.stone
[16:48:08] [Client thread/WARN]: Unable to play unknown soundEvent: minecraft:dig.stone
[16:48:18] [Client thread/WARN]: Unable to play unknown soundEvent: minecraft:dig.stone
[16:48:18] [Client thread/WARN]: Unable to play unknown soundEvent: minecraft:dig.stone
[16:48:27] [Client thread/WARN]: Unable to play unknown soundEvent: minecraft:mob.bat.idle
[16:48:27] [Client thread/WARN]: Unable to play unknown soundEvent: minecraft:random.bow
[16:48:27] [Client thread/WARN]: Unable to play unknown soundEvent: minecraft:game.potion.smash
[16:48:27] [Client thread/WARN]: Unable to play unknown soundEvent: minecraft:random.bow
[16:48:27] [Client thread/WARN]: Unable to play unknown soundEvent: minecraft:game.potion.smash
[16:48:27] [Client thread/WARN]: Unable to play unknown soundEvent: minecraft:random.bow
[16:48:27] [Client thread/WARN]: Unable to play unknown soundEvent: minecraft:game.potion.smash
[16:48:28] [Client thread/WARN]: Unable to play unknown soundEvent: minecraft:random.bow
[16:48:28] [Client thread/WARN]: Unable to play unknown soundEvent: minecraft:game.potion.smash
[16:48:29] [Client thread/WARN]: Unable to play unknown soundEvent: minecraft:random.bow
[16:48:29] [Client thread/WARN]: Unable to play unknown soundEvent: minecraft:game.potion.smash
[16:48:29] [Client thread/WARN]: Unable to play unknown soundEvent: minecraft:random.bow
[16:48:29] [Client thread/WARN]: Unable to play unknown soundEvent: minecraft:game.potion.smash
[16:48:29] [Client thread/WARN]: Unable to play unknown soundEvent: minecraft:random.bow
[16:48:29] [Client thread/WARN]: Unable to play unknown soundEvent: minecraft:game.potion.smash
[16:48:29] [Client thread/WARN]: Unable to play unknown soundEvent: minecraft:random.bow
[16:48:29] [Client thread/WARN]: Unable to play unknown soundEvent: minecraft:game.potion.smash
[16:48:29] [Client thread/WARN]: Unable to play unknown soundEvent: minecraft:random.bow
[16:48:29] [Client thread/WARN]: Unable to play unknown soundEvent: minecraft:game.potion.smash
[16:48:30] [Client thread/WARN]: Unable to play unknown soundEvent: minecraft:mob.bat.takeoff
[16:48:30] [Client thread/WARN]: Unable to play unknown soundEvent: minecraft:mob.bat.takeoff
[16:48:30] [Client thread/WARN]: Unable to play unknown soundEvent: minecraft:random.bow
[16:48:30] [Client thread/WARN]: Unable to play unknown soundEvent: minecraft:game.potion.smash
[16:48:30] [Client thread/WARN]: Unable to play unknown soundEvent: minecraft:random.bow
[16:48:30] [Client thread/WARN]: Unable to play unknown soundEvent: minecraft:game.potion.smash
[16:48:31] [Client thread/WARN]: Unable to play unknown soundEvent: minecraft:mob.bat.idle
[16:48:34] [Client thread/WARN]: Unable to play unknown soundEvent: minecraft:mob.bat.idle
[16:48:34] [Client thread/WARN]: Unable to play unknown soundEvent: minecraft:dig.stone
[16:48:34] [Client thread/WARN]: Unable to play unknown soundEvent: minecraft:game.player.swim.splash
[16:48:37] [Client thread/WARN]: Unable to play unknown soundEvent: minecraft:random.bow
[16:48:37] [Client thread/WARN]: Unable to play unknown soundEvent: minecraft:game.neutral.swim.splash
[16:48:37] [Client thread/WARN]: Unable to play unknown soundEvent: minecraft:random.bow
[16:48:37] [Client thread/WARN]: Unable to play unknown soundEvent: minecraft:game.neutral.swim.splash
[16:48:37] [Client thread/WARN]: Unable to play unknown soundEvent: minecraft:game.potion.smash
[16:48:37] [Client thread/WARN]: Unable to play unknown soundEvent: minecraft:game.neutral.swim.splash
[16:48:37] [Client thread/WARN]: Unable to play unknown soundEvent: minecraft:random.bow
[16:48:37] [Client thread/WARN]: Unable to play unknown soundEvent: minecraft:game.neutral.swim.splash
[16:48:37] [Client thread/WARN]: Unable to play unknown soundEvent: minecraft:game.neutral.swim.splash
[16:48:37] [Client thread/WARN]: Unable to play unknown soundEvent: minecraft:random.bow
[16:48:38] [Client thread/WARN]: Unable to play unknown soundEvent: minecraft:random.bow
[16:48:38] [Client thread/WARN]: Unable to play unknown soundEvent: minecraft:game.potion.smash
[16:48:38] [Client thread/WARN]: Unable to play unknown soundEvent: minecraft:game.neutral.swim.splash
[16:48:38] [Client thread/WARN]: Unable to play unknown soundEvent: minecraft:game.neutral.swim.splash
[16:48:38] [Client thread/WARN]: Unable to play unknown soundEvent: minecraft:game.potion.smash
[16:48:38] [Client thread/WARN]: Unable to play unknown soundEvent: minecraft:game.neutral.swim.splash
[16:48:38] [Client thread/WARN]: Unable to play unknown soundEvent: minecraft:game.neutral.swim.splash
[16:48:38] [Client thread/WARN]: Unable to play unknown soundEvent: minecraft:game.neutral.swim.splash
[16:48:38] [Client thread/WARN]: Unable to play unknown soundEvent: minecraft:game.neutral.swim.splash
[16:48:38] [Client thread/WARN]: Unable to play unknown soundEvent: minecraft:game.neutral.swim.splash
[16:48:38] [Client thread/WARN]: Unable to play unknown soundEvent: minecraft:game.neutral.swim.splash
[16:48:38] [Client thread/WARN]: Unable to play unknown soundEvent: minecraft:game.neutral.swim.splash
[16:48:38] [Client thread/WARN]: Unable to play unknown soundEvent: minecraft:game.neutral.swim.splash
[16:48:38] [Client thread/WARN]: Unable to play unknown soundEvent: minecraft:game.neutral.swim.splash
[16:48:39] [Client thread/WARN]: Unable to play unknown soundEvent: minecraft:game.neutral.swim.splash
[16:48:39] [Client thread/WARN]: Unable to play unknown soundEvent: minecraft:game.neutral.swim.splash
[16:48:39] [Client thread/WARN]: Unable to play unknown soundEvent: minecraft:game.neutral.swim.splash
[16:48:39] [Client thread/WARN]: Unable to play unknown soundEvent: minecraft:game.neutral.swim.splash
[16:48:39] [Client thread/WARN]: Unable to play unknown soundEvent: minecraft:game.neutral.swim.splash
[16:48:39] [Client thread/WARN]: Unable to play unknown soundEvent: minecraft:game.neutral.swim.splash
[16:48:39] [Client thread/WARN]: Unable to play unknown soundEvent: minecraft:game.neutral.swim.splash
[16:48:39] [Client thread/WARN]: Unable to play unknown soundEvent: minecraft:game.neutral.swim.splash
[16:48:40] [Client thread/WARN]: Unable to play unknown soundEvent: minecraft:game.player.swim.splash
[16:48:41] [Client thread/WARN]: Unable to play unknown soundEvent: minecraft:game.potion.smash
[16:48:41] [Client thread/WARN]: Unable to play unknown soundEvent: minecraft:game.potion.smash
[16:48:46] [Client thread/WARN]: Unable to play unknown soundEvent: minecraft:mob.bat.idle
[16:48:52] [Client thread/WARN]: Unable to play unknown soundEvent: minecraft:mob.bat.takeoff
[16:49:01] [Client thread/WARN]: Unable to play unknown soundEvent: minecraft:mob.chicken.say
[16:49:03] [Client thread/WARN]: Unable to play unknown soundEvent: minecraft:dig.gravel
[16:49:03] [Client thread/WARN]: Unable to play unknown soundEvent: minecraft:music.game.creative
[16:49:03] [Client thread/WARN]: Unable to play unknown soundEvent: minecraft:step.grass
[16:49:04] [Client thread/WARN]: Unable to play unknown soundEvent: minecraft:dig.gravel
[16:49:05] [Client thread/WARN]: Unable to play unknown soundEvent: minecraft:dig.grass
[16:49:05] [Client thread/WARN]: Unable to play unknown soundEvent: minecraft:dig.gravel
[16:49:06] [Client thread/WARN]: Unable to play unknown soundEvent: minecraft:dig.gravel
[16:49:07] [Client thread/WARN]: Unable to play unknown soundEvent: minecraft:dig.gravel
[16:49:07] [Client thread/WARN]: Unable to play unknown soundEvent: minecraft:dig.gravel
[16:49:08] [Server thread/INFO]: Saving and pausing game...
[16:49:08] [Server thread/INFO]: Saving chunks for level '?'/Overworld
[16:49:08] [Server thread/INFO]: Saving chunks for level '?'/Nether
[16:49:08] [Server thread/INFO]: Saving chunks for level '?'/The End
[16:49:09] [Client thread/WARN]: Unable to play unknown soundEvent: minecraft:gui.button.press
[16:49:09] [Server thread/INFO]: Stopping server
[16:49:09] [Server thread/INFO]: Saving players
[16:49:09] [Server thread/INFO]: Saving worlds
[16:49:09] [Server thread/INFO]: Saving chunks for level '?'/Overworld
[16:49:09] [Server thread/INFO]: Saving chunks for level '?'/Nether
[16:49:09] [Server thread/INFO]: Saving chunks for level '?'/The End
[16:49:11] [Client thread/WARN]: Unable to play unknown soundEvent: minecraft:gui.button.press
[16:49:11] [Client thread/INFO]: Stopping!
